{
  "0 debug pnpm:scope": {
    "selected": 1,
    "workspacePrefix": "F:\\project\\node\\theme-weasel\\vuepress-theme-weasel"
  },
  "1 error pnpm": {
    "errno": 1,
    "code": "ELIFECYCLE",
    "pkgid": "vuepress-theme-weasel-root@1.0.0-beta.1",
    "stage": "reset",
    "script": "pnpm run clean:dist && pnpm run clean:node",
    "pkgname": "vuepress-theme-weasel-root",
    "err": {
      "name": "pnpm",
      "message": "vuepress-theme-weasel-root@1.0.0-beta.1 reset: `pnpm run clean:dist && pnpm run clean:node`\nExit status 1",
      "code": "ELIFECYCLE",
      "stack": "pnpm: vuepress-theme-weasel-root@1.0.0-beta.1 reset: `pnpm run clean:dist && pnpm run clean:node`\nExit status 1\n    at EventEmitter.<anonymous> (E:\\programs\\nvm\\v16.7.0\\node_modules\\pnpm\\dist\\pnpm.cjs:106731:20)\n    at EventEmitter.emit (node:events:394:28)\n    at ChildProcess.<anonymous> (E:\\programs\\nvm\\v16.7.0\\node_modules\\pnpm\\dist\\pnpm.cjs:93300:18)\n    at ChildProcess.emit (node:events:394:28)\n    at maybeClose (node:internal/child_process:1064:16)\n    at Process.ChildProcess._handle.onexit (node:internal/child_process:301:5)"
    }
  },
  "2 warn pnpm:global": " Local package.json exists, but node_modules missing, did you mean to install?"
}